# JRE version: OpenJDK Runtime Environment (8.0_212-b04) (build 1.8.0_212-release-1586-b04)
# Java VM: OpenJDK 64-Bit Server VM (25.212-b04 mixed mode windows-amd64 compressed oops)
Heap:
 PSYoungGen      total 486400K, used 226655K [0x00000000e0000000, 0x0000000100000000, 0x0000000100000000)
  eden space 451072K, 46% used [0x00000000e0000000,0x00000000ecc12050,0x00000000fb880000)
  from space 35328K, 50% used [0x00000000fda00000,0x00000000feb45e30,0x00000000ffc80000)
  to   space 34304K, 0% used [0x00000000fb880000,0x00000000fb880000,0x00000000fda00000)
 ParOldGen       total 191488K, used 109780K [0x00000000a0000000, 0x00000000abb00000, 0x00000000e0000000)
  object space 191488K, 57% used [0x00000000a0000000,0x00000000a6b352c0,0x00000000abb00000)
 Metaspace       used 104720K, capacity 110178K, committed 110248K, reserved 1144832K
  class space    used 13127K, capacity 14198K, committed 14248K, reserved 1048576K
GC Heap History (10 events):
Event: 516.674 GC heap before
{Heap before GC invocations=26 (full 4):
 PSYoungGen      total 471552K, used 18292K [0x00000000e0000000, 0x0000000100000000, 0x0000000100000000)
  eden space 438272K, 0% used [0x00000000e0000000,0x00000000e000e280,0x00000000fac00000)
  from space 33280K, 54% used [0x00000000fac00000,0x00000000fbdcf128,0x00000000fcc80000)
  to   space 32768K, 0% used [0x00000000fe000000,0x00000000fe000000,0x0000000100000000)
 ParOldGen       total 191488K, used 74794K [0x00000000a0000000, 0x00000000abb00000, 0x00000000e0000000)
  object space 191488K, 39% used [0x00000000a0000000,0x00000000a490abc0,0x00000000abb00000)
 Metaspace       used 101278K, capacity 106018K, committed 106152K, reserved 1142784K
  class space    used 12757K, capacity 13711K, committed 13736K, reserved 1048576K
Event: 516.689 GC heap after
Heap after GC invocations=26 (full 4):
 PSYoungGen      total 489472K, used 32K [0x00000000e0000000, 0x0000000100000000, 0x0000000100000000)
  eden space 456704K, 0% used [0x00000000e0000000,0x00000000e0000000,0x00000000fbe00000)
  from space 32768K, 0% used [0x00000000fe000000,0x00000000fe008000,0x0000000100000000)
  to   space 33792K, 0% used [0x00000000fbe00000,0x00000000fbe00000,0x00000000fdf00000)
 ParOldGen       total 191488K, used 92932K [0x00000000a0000000, 0x00000000abb00000, 0x00000000e0000000)
  object space 191488K, 48% used [0x00000000a0000000,0x00000000a5ac11c0,0x00000000abb00000)
 Metaspace       used 101278K, capacity 106018K, committed 106152K, reserved 1142784K
  class space    used 12757K, capacity 13711K, committed 13736K, reserved 1048576K
}
Event: 2680.560 GC heap before
{Heap before GC invocations=27 (full 4):
 PSYoungGen      total 489472K, used 456736K [0x00000000e0000000, 0x0000000100000000, 0x0000000100000000)
  eden space 456704K, 100% used [0x00000000e0000000,0x00000000fbe00000,0x00000000fbe00000)
  from space 32768K, 0% used [0x00000000fe000000,0x00000000fe008000,0x0000000100000000)
  to   space 33792K, 0% used [0x00000000fbe00000,0x00000000fbe00000,0x00000000fdf00000)
 ParOldGen       total 191488K, used 92932K [0x00000000a0000000, 0x00000000abb00000, 0x00000000e0000000)
  object space 191488K, 48% used [0x00000000a0000000,0x00000000a5ac11c0,0x00000000abb00000)
 Metaspace       used 103661K, capacity 108914K, committed 109096K, reserved 1144832K
  class space    used 13015K, capacity 14072K, committed 14120K, reserved 1048576K
Event: 2680.593 GC heap after
Heap after GC invocations=27 (full 4):
 PSYoungGen      total 486912K, used 29832K [0x00000000e0000000, 0x0000000100000000, 0x0000000100000000)
  eden space 456704K, 0% used [0x00000000e0000000,0x00000000e0000000,0x00000000fbe00000)
  from space 30208K, 98% used [0x00000000fbe00000,0x00000000fdb22038,0x00000000fdb80000)
  to   space 37376K, 0% used [0x00000000fdb80000,0x00000000fdb80000,0x0000000100000000)
 ParOldGen       total 191488K, used 92940K [0x00000000a0000000, 0x00000000abb00000, 0x00000000e0000000)
  object space 191488K, 48% used [0x00000000a0000000,0x00000000a5ac31c0,0x00000000abb00000)
 Metaspace       used 103661K, capacity 108914K, committed 109096K, reserved 1144832K
  class space    used 13015K, capacity 14072K, committed 14120K, reserved 1048576K
}
Event: 3684.263 GC heap before
{Heap before GC invocations=28 (full 4):
 PSYoungGen      total 486912K, used 486536K [0x00000000e0000000, 0x0000000100000000, 0x0000000100000000)
  eden space 456704K, 100% used [0x00000000e0000000,0x00000000fbe00000,0x00000000fbe00000)
  from space 30208K, 98% used [0x00000000fbe00000,0x00000000fdb22038,0x00000000fdb80000)
  to   space 37376K, 0% used [0x00000000fdb80000,0x00000000fdb80000,0x0000000100000000)
 ParOldGen       total 191488K, used 92940K [0x00000000a0000000, 0x00000000abb00000, 0x00000000e0000000)
  object space 191488K, 48% used [0x00000000a0000000,0x00000000a5ac31c0,0x00000000abb00000)
 Metaspace       used 104500K, capacity 109962K, committed 110248K, reserved 1144832K
  class space    used 13117K, capacity 14184K, committed 14248K, reserved 1048576K
Event: 3684.283 GC heap after
Heap after GC invocations=28 (full 4):
 PSYoungGen      total 487424K, used 18077K [0x00000000e0000000, 0x0000000100000000, 0x0000000100000000)
  eden space 450048K, 0% used [0x00000000e0000000,0x00000000e0000000,0x00000000fb780000)
  from space 37376K, 48% used [0x00000000fdb80000,0x00000000fed27498,0x0000000100000000)
  to   space 36864K, 0% used [0x00000000fb780000,0x00000000fb780000,0x00000000fdb80000)
 ParOldGen       total 191488K, used 101458K [0x00000000a0000000, 0x00000000abb00000, 0x00000000e0000000)
  object space 191488K, 52% used [0x00000000a0000000,0x00000000a6314878,0x00000000abb00000)
 Metaspace       used 104500K, capacity 109962K, committed 110248K, reserved 1144832K
  class space    used 13117K, capacity 14184K, committed 14248K, reserved 1048576K
}
Event: 3685.941 GC heap before
{Heap before GC invocations=29 (full 4):
 PSYoungGen      total 487424K, used 468125K [0x00000000e0000000, 0x0000000100000000, 0x0000000100000000)
  eden space 450048K, 100% used [0x00000000e0000000,0x00000000fb780000,0x00000000fb780000)
  from space 37376K, 48% used [0x00000000fdb80000,0x00000000fed27498,0x0000000100000000)
  to   space 36864K, 0% used [0x00000000fb780000,0x00000000fb780000,0x00000000fdb80000)
 ParOldGen       total 191488K, used 101458K [0x00000000a0000000, 0x00000000abb00000, 0x00000000e0000000)
  object space 191488K, 52% used [0x00000000a0000000,0x00000000a6314878,0x00000000abb00000)
 Metaspace       used 104647K, capacity 110104K, committed 110248K, reserved 1144832K
  class space    used 13126K, capacity 14197K, committed 14248K, reserved 1048576K
Event: 3685.966 GC heap after
Heap after GC invocations=29 (full 4):
 PSYoungGen      total 467968K, used 17702K [0x00000000e0000000, 0x00000000ffc80000, 0x0000000100000000)
  eden space 450048K, 0% used [0x00000000e0000000,0x00000000e0000000,0x00000000fb780000)
  from space 17920K, 98% used [0x00000000fb780000,0x00000000fc8c9b38,0x00000000fc900000)
  to   space 35328K, 0% used [0x00000000fda00000,0x00000000fda00000,0x00000000ffc80000)
 ParOldGen       total 191488K, used 108150K [0x00000000a0000000, 0x00000000abb00000, 0x00000000e0000000)
  object space 191488K, 56% used [0x00000000a0000000,0x00000000a699d900,0x00000000abb00000)
 Metaspace       used 104647K, capacity 110104K, committed 110248K, reserved 1144832K
  class space    used 13126K, capacity 14197K, committed 14248K, reserved 1048576K
}
Event: 3687.291 GC heap before
{Heap before GC invocations=30 (full 4):
 PSYoungGen      total 467968K, used 467750K [0x00000000e0000000, 0x00000000ffc80000, 0x0000000100000000)
  eden space 450048K, 100% used [0x00000000e0000000,0x00000000fb780000,0x00000000fb780000)
  from space 17920K, 98% used [0x00000000fb780000,0x00000000fc8c9b38,0x00000000fc900000)
  to   space 35328K, 0% used [0x00000000fda00000,0x00000000fda00000,0x00000000ffc80000)
 ParOldGen       total 191488K, used 108150K [0x00000000a0000000, 0x00000000abb00000, 0x00000000e0000000)
  object space 191488K, 56% used [0x00000000a0000000,0x00000000a699d900,0x00000000abb00000)
 Metaspace       used 104691K, capacity 110174K, committed 110248K, reserved 1144832K
  class space    used 13127K, capacity 14198K, committed 14248K, reserved 1048576K
Event: 3687.307 GC heap after
Heap after GC invocations=30 (full 4):
 PSYoungGen      total 486400K, used 17687K [0x00000000e0000000, 0x0000000100000000, 0x0000000100000000)
  eden space 451072K, 0% used [0x00000000e0000000,0x00000000e0000000,0x00000000fb880000)
  from space 35328K, 50% used [0x00000000fda00000,0x00000000feb45e30,0x00000000ffc80000)
  to   space 34304K, 0% used [0x00000000fb880000,0x00000000fb880000,0x00000000fda00000)
 ParOldGen       total 191488K, used 109780K [0x00000000a0000000, 0x00000000abb00000, 0x00000000e0000000)
  object space 191488K, 57% used [0x00000000a0000000,0x00000000a6b352c0,0x00000000abb00000)
 Metaspace       used 104691K, capacity 110174K, committed 110248K, reserved 1144832K
  class space    used 13127K, capacity 14198K, committed 14248K, reserved 1048576K
}

